<?xml version="1.0" encoding="UTF-8"?>
<testsuites failures="0" name="dependency-check" tests="15">
        <testsuite failures="0" errors="0" time="0" id="0" name="/src/target/juice-shop/frontend/src/assets/private/CopyShader.js" package="CopyShader.js" skipped="0" tests="1" timestamp="2026-09-16T01:15:05.854676572">
            <testcase classname="dependency-check" name="CopyShader.js"/>
    </testsuite>
        <testsuite failures="0" errors="0" time="0" id="1" name="/src/target/juice-shop/frontend/src/assets/private/EffectComposer.js" package="EffectComposer.js" skipped="0" tests="1" timestamp="2026-09-16T01:15:05.854676572">
            <testcase classname="dependency-check" name="EffectComposer.js"/>
    </testsuite>
        <testsuite failures="0" errors="0" time="0" id="2" name="/src/target/juice-shop/frontend/src/assets/private/MaskPass.js" package="MaskPass.js" skipped="0" tests="1" timestamp="2026-09-16T01:15:05.854676572">
            <testcase classname="dependency-check" name="MaskPass.js"/>
    </testsuite>
        <testsuite failures="0" errors="0" time="0" id="3" name="/src/target/juice-shop/frontend/src/assets/private/OrbitControls.js" package="OrbitControls.js" skipped="0" tests="1" timestamp="2026-09-16T01:15:05.854676572">
            <testcase classname="dependency-check" name="OrbitControls.js"/>
    </testsuite>
        <testsuite failures="0" errors="0" time="0" id="4" name="/src/target/juice-shop/frontend/src/assets/private/RenderPass.js" package="RenderPass.js" skipped="0" tests="1" timestamp="2026-09-16T01:15:05.854676572">
            <testcase classname="dependency-check" name="RenderPass.js"/>
    </testsuite>
        <testsuite failures="0" errors="0" time="0" id="5" name="/src/target/juice-shop/frontend/src/assets/private/ShaderPass.js" package="ShaderPass.js" skipped="0" tests="1" timestamp="2026-09-16T01:15:05.854676572">
            <testcase classname="dependency-check" name="ShaderPass.js"/>
    </testsuite>
        <testsuite failures="0" errors="0" time="0" id="6" name="/src/target/juice-shop/test/files/arbitraryFileWrite.zip" package="arbitraryFileWrite.zip" skipped="0" tests="1" timestamp="2026-09-16T01:15:05.854676572">
            <testcase classname="dependency-check" name="arbitraryFileWrite.zip"/>
    </testsuite>
        <testsuite failures="0" errors="0" time="0" id="7" name="/src/target/juice-shop/frontend/src/assets/private/dat.gui.min.js" package="dat.gui.min.js" skipped="0" tests="1" timestamp="2026-09-16T01:15:05.854676572">
            <testcase classname="dependency-check" name="dat.gui.min.js"/>
    </testsuite>
        <testsuite failures="0" errors="0" time="0" id="8" name="/src/target/juice-shop/test/files/invalidTypeForClient.exe" package="invalidTypeForClient.exe" skipped="0" tests="1" timestamp="2026-09-16T01:15:05.854676572">
            <testcase classname="dependency-check" name="invalidTypeForClient.exe"/>
    </testsuite>
        <testsuite failures="0" errors="0" time="0" id="9" name="/src/target/juice-shop/frontend/package.json" package="package.json" skipped="0" tests="1" timestamp="2026-09-16T01:15:05.854676572">
            <testcase classname="dependency-check" name="package.json"/>
    </testsuite>
        <testsuite failures="0" errors="0" time="0" id="10" name="/src/target/juice-shop/package.json" package="package.json" skipped="0" tests="1" timestamp="2026-09-16T01:15:05.854676572">
            <testcase classname="dependency-check" name="package.json"/>
    </testsuite>
        <testsuite failures="0" errors="0" time="0" id="11" name="/src/target/juice-shop/test/files/passwordProtected.zip" package="passwordProtected.zip" skipped="0" tests="1" timestamp="2026-09-16T01:15:05.854676572">
            <testcase classname="dependency-check" name="passwordProtected.zip"/>
    </testsuite>
        <testsuite failures="0" errors="0" time="0" id="12" name="/src/target/juice-shop/frontend/src/assets/private/stats.min.js" package="stats.min.js" skipped="0" tests="1" timestamp="2026-09-16T01:15:05.854676572">
            <testcase classname="dependency-check" name="stats.min.js"/>
    </testsuite>
        <testsuite failures="0" errors="0" time="0" id="13" name="/src/target/juice-shop/frontend/src/assets/private/three.js" package="three.js" skipped="0" tests="1" timestamp="2026-09-16T01:15:05.854676572">
            <testcase classname="dependency-check" name="three.js"/>
    </testsuite>
        <testsuite failures="0" errors="0" time="0" id="14" name="/src/target/juice-shop/test/files/videoExploit.zip" package="videoExploit.zip" skipped="0" tests="1" timestamp="2026-09-16T01:15:05.854676572">
            <testcase classname="dependency-check" name="videoExploit.zip"/>
    </testsuite>
</testsuites>